| distributed init (rank 2): tcp://localhost:17079
| distributed init (rank 3): tcp://localhost:17079
| distributed init (rank 0): tcp://localhost:17079
| distributed init (rank 1): tcp://localhost:17079
| initialized host 100-88-64-92 as rank 1
| initialized host 100-88-64-92 as rank 2
| initialized host 100-88-64-92 as rank 3
| initialized host 100-88-64-92 as rank 0
2020-12-13 22:32:13 | INFO | fairseq_cli.train | beam search: 50 cands into model: 20 max_token: 512
2020-12-13 22:32:13 | INFO | fairseq_cli.train | beam search: 50 cands into model: 20 max_token: 512
2020-12-13 22:32:13 | INFO | fairseq_cli.train | beam search: 50 cands into model: 20 max_token: 512
2020-12-13 22:32:13 | INFO | fairseq.tasks.translation | | /ceph_int/solarawang/data-bin/iwslt14.tokenized.de-en valid de-en 7283 examples
2020-12-13 22:32:13 | INFO | fairseq.tasks.translation | | /ceph_int/solarawang/data-bin/iwslt14.tokenized.de-en valid de-en 7283 examples
2020-12-13 22:32:26 | INFO | fairseq_cli.train | available GPUS 4
2020-12-13 22:32:26 | INFO | fairseq_cli.train | | training on 4 GPUs
2020-12-13 22:32:26 | INFO | fairseq_cli.train | available GPUS 4
2020-12-13 22:32:26 | INFO | fairseq_cli.train | | training on 4 GPUs
2020-12-13 22:32:26 | INFO | fairseq_cli.train | available GPUS 4
2020-12-13 22:32:26 | INFO | fairseq_cli.train | | training on 4 GPUs
2020-12-13 22:32:26 | INFO | fairseq_cli.train | available GPUS 4
2020-12-13 22:32:26 | INFO | fairseq_cli.train | | training on 4 GPUs
2020-12-13 22:32:30 | INFO | fairseq.trainer | | loaded checkpoint /ceph_int/solarawang/fairseq-baseline/checkpoints/checkpoint_best.pt (epoch 50 @ 0 updates)
2020-12-13 22:32:30 | INFO | fairseq.trainer | | loaded checkpoint /ceph_int/solarawang/fairseq-baseline/checkpoints/checkpoint_best.pt (epoch 50 @ 0 updates)
2020-12-13 22:32:30 | INFO | fairseq.trainer | | loaded checkpoint /ceph_int/solarawang/fairseq-baseline/checkpoints/checkpoint_best.pt (epoch 50 @ 0 updates)
2020-12-13 22:32:30 | INFO | fairseq.trainer | | loading train data for epoch 50
2020-12-13 22:32:30 | INFO | fairseq.trainer | | loading train data for epoch 50
2020-12-13 22:32:30 | INFO | fairseq.trainer | | loading train data for epoch 50
2020-12-13 22:32:30 | INFO | fairseq.trainer | | loading train data for epoch 50
2020-12-13 22:32:31 | INFO | fairseq.tasks.translation | | /ceph_int/solarawang/data-bin/iwslt14.tokenized.de-en train de-en 160239 examples
2020-12-13 22:32:31 | INFO | fairseq.tasks.translation | | /ceph_int/solarawang/data-bin/iwslt14.tokenized.de-en train de-en 160239 examples
{"epoch": 50, "update": 49.122, "loss": "2.491", "sim_loss": "0.693366", "nll_loss": "10.329", "ppl": "1285.94", "wps": "857", "ups": "0", "wpb": "12111.500", "bsz": "491.000", "num_updates": "6", "lr": "7.5e-07", "gnorm": "1.570", "clip": "0.000", "oom": "0.000", "wall": "85", "train_wall": "6333"}
{"epoch": 50, "update": 49.183, "loss": "2.478", "sim_loss": "0.684168", "nll_loss": "10.326", "ppl": "1283.52", "wps": "888", "ups": "0", "wpb": "12151.308", "bsz": "497.615", "num_updates": "26", "lr": "3.25e-06", "gnorm": "1.552", "clip": "0.000", "oom": "0.000", "wall": "356", "train_wall": "6604"}
{"epoch": 50, "update": 49.245, "loss": "2.446", "sim_loss": "0.663213", "nll_loss": "10.319", "ppl": "1277.55", "wps": "898", "ups": "0", "wpb": "12188.022", "bsz": "493.370", "num_updates": "46", "lr": "5.75e-06", "gnorm": "1.520", "clip": "0.000", "oom": "0.000", "wall": "624", "train_wall": "6872"}
{"epoch": 50, "update": 49.306, "loss": "2.401", "sim_loss": "0.632255", "nll_loss": "10.309", "ppl": "1268.34", "wps": "898", "ups": "0", "wpb": "12156.318", "bsz": "485.364", "num_updates": "66", "lr": "8.25e-06", "gnorm": "1.470", "clip": "0.000", "oom": "0.000", "wall": "894", "train_wall": "7141"}
{"epoch": 50, "update": 49.367, "loss": "2.344", "sim_loss": "0.594011", "nll_loss": "10.294", "ppl": "1255.62", "wps": "894", "ups": "0", "wpb": "12153.884", "bsz": "484.035", "num_updates": "86", "lr": "1.075e-05", "gnorm": "1.405", "clip": "0.000", "oom": "0.000", "wall": "1169", "train_wall": "7416"}
{"epoch": 50, "update": 49.428, "loss": "2.280", "sim_loss": "0.551705", "nll_loss": "10.275", "ppl": "1238.93", "wps": "898", "ups": "0", "wpb": "12168.245", "bsz": "491.472", "num_updates": "106", "lr": "1.325e-05", "gnorm": "1.329", "clip": "0.000", "oom": "0.000", "wall": "1436", "train_wall": "7682"}
{"epoch": 50, "update": 49.489, "loss": "2.214", "sim_loss": "0.508005", "nll_loss": "10.250", "ppl": "1218.12", "wps": "901", "ups": "0", "wpb": "12170.476", "bsz": "491.278", "num_updates": "126", "lr": "1.575e-05", "gnorm": "1.244", "clip": "0.000", "oom": "0.000", "wall": "1701", "train_wall": "7947"}
{"epoch": 50, "update": 49.55, "loss": "2.148", "sim_loss": "0.465246", "nll_loss": "10.220", "ppl": "1192.31", "wps": "903", "ups": "0", "wpb": "12162.260", "bsz": "490.000", "num_updates": "146", "lr": "1.825e-05", "gnorm": "1.155", "clip": "0.000", "oom": "0.000", "wall": "1968", "train_wall": "8213"}
{"epoch": 50, "update": 49.612, "loss": "2.085", "sim_loss": "0.425715", "nll_loss": "10.180", "ppl": "1160.08", "wps": "904", "ups": "0", "wpb": "12152.536", "bsz": "488.313", "num_updates": "166", "lr": "2.075e-05", "gnorm": "1.067", "clip": "0.000", "oom": "0.000", "wall": "2233", "train_wall": "8477"}
{"epoch": 50, "update": 49.673, "loss": "2.027", "sim_loss": "0.390694", "nll_loss": "10.129", "ppl": "1119.69", "wps": "906", "ups": "0", "wpb": "12143.253", "bsz": "488.747", "num_updates": "186", "lr": "2.325e-05", "gnorm": "0.986", "clip": "0.000", "oom": "0.000", "wall": "2494", "train_wall": "8738"}
{"epoch": 50, "update": 49.734, "loss": "1.972", "sim_loss": "0.359391", "nll_loss": "10.063", "ppl": "1069.56", "wps": "904", "ups": "0", "wpb": "12148.544", "bsz": "487.786", "num_updates": "206", "lr": "2.575e-05", "gnorm": "0.913", "clip": "0.000", "oom": "0.000", "wall": "2769", "train_wall": "9013"}
{"epoch": 50, "update": 49.795, "loss": "1.922", "sim_loss": "0.332607", "nll_loss": "9.980", "ppl": "1009.7", "wps": "904", "ups": "0", "wpb": "12136.208", "bsz": "487.235", "num_updates": "226", "lr": "2.825e-05", "gnorm": "0.851", "clip": "0.000", "oom": "0.000", "wall": "3034", "train_wall": "9277"}
{"epoch": 50, "update": 49.856, "loss": "1.873", "sim_loss": "0.309212", "nll_loss": "9.875", "ppl": "939.11", "wps": "904", "ups": "0", "wpb": "12125.915", "bsz": "486.260", "num_updates": "246", "lr": "3.075e-05", "gnorm": "0.799", "clip": "0.000", "oom": "0.000", "wall": "3298", "train_wall": "9541"}
{"epoch": 50, "update": 49.917, "loss": "1.824", "sim_loss": "0.288652", "nll_loss": "9.745", "ppl": "858.39", "wps": "907", "ups": "0", "wpb": "12118.714", "bsz": "488.793", "num_updates": "266", "lr": "3.325e-05", "gnorm": "0.755", "clip": "0.000", "oom": "0.000", "wall": "3552", "train_wall": "9794"}
{"epoch": 50, "update": 49.979, "loss": "1.776", "sim_loss": "0.270336", "nll_loss": "9.593", "ppl": "772.45", "wps": "907", "ups": "0", "wpb": "12120.353", "bsz": "489.885", "num_updates": "286", "lr": "3.575e-05", "gnorm": "0.719", "clip": "0.000", "oom": "0.000", "wall": "3821", "train_wall": "10062"}
{"epoch": 50, "train_loss": "1.763", "train_sim_loss": "0.26591", "train_nll_loss": "9.550", "train_ppl": "749.82", "train_wps": "907", "train_ups": "0", "train_wpb": "12087.161", "train_bsz": "488.890", "train_num_updates": "292", "train_lr": "3.65e-05", "train_gnorm": "0.709", "train_clip": "0.000", "train_oom": "0.000", "train_wall": "3890", "train_train_wall": "10132"}
{"epoch": 50, "valid_loss": "1.056", "valid_sim_loss": "0.0221424", "valid_nll_loss": "7.098", "valid_ppl": "136.99", "valid_num_updates": "292"}
| saved checkpoint /ceph_int/solarawang/1211_net_sim/1213_50_20_512_8_4gpu_checkpoints/checkpoint50.pt (epoch 50 @ 292 updates) (writing took 4.999044179916382 seconds)
{"epoch": 51, "update": 50.061, "loss": "1.014", "sim_loss": "0.0194903", "nll_loss": "6.838", "ppl": "114.44", "wps": "898", "ups": "0", "wpb": "11924.190", "bsz": "482.048", "num_updates": "313", "lr": "3.9125e-05", "gnorm": "0.235", "clip": "0.000", "oom": "0.000", "wall": "4377", "train_wall": "10411"}
{"epoch": 51, "update": 50.122, "loss": "0.979", "sim_loss": "0.0177838", "nll_loss": "6.610", "ppl": "97.68", "wps": "896", "ups": "0", "wpb": "12067.000", "bsz": "484.756", "num_updates": "333", "lr": "4.1625e-05", "gnorm": "0.226", "clip": "0.000", "oom": "0.000", "wall": "4650", "train_wall": "10683"}
{"epoch": 51, "update": 50.183, "loss": "0.950", "sim_loss": "0.0161518", "nll_loss": "6.429", "ppl": "86.13", "wps": "894", "ups": "0", "wpb": "12108.426", "bsz": "482.803", "num_updates": "353", "lr": "4.4125e-05", "gnorm": "0.211", "clip": "0.000", "oom": "0.000", "wall": "4925", "train_wall": "10957"}
{"epoch": 51, "update": 50.245, "loss": "0.927", "sim_loss": "0.0147516", "nll_loss": "6.281", "ppl": "77.76", "wps": "894", "ups": "0", "wpb": "12060.790", "bsz": "482.136", "num_updates": "373", "lr": "4.6625e-05", "gnorm": "0.197", "clip": "0.000", "oom": "0.000", "wall": "5191", "train_wall": "11223"}
{"epoch": 51, "update": 50.306, "loss": "0.906", "sim_loss": "0.0135169", "nll_loss": "6.148", "ppl": "70.89", "wps": "900", "ups": "0", "wpb": "12082.129", "bsz": "485.505", "num_updates": "393", "lr": "4.9125e-05", "gnorm": "0.185", "clip": "0.000", "oom": "0.000", "wall": "5455", "train_wall": "11486"}
{"epoch": 51, "update": 50.367, "loss": "0.886", "sim_loss": "0.0124464", "nll_loss": "6.027", "ppl": "65.22", "wps": "901", "ups": "0", "wpb": "12094.893", "bsz": "489.686", "num_updates": "413", "lr": "5.1625e-05", "gnorm": "0.175", "clip": "0.000", "oom": "0.000", "wall": "5722", "train_wall": "11753"}
{"epoch": 51, "update": 50.428, "loss": "0.870", "sim_loss": "0.0115085", "nll_loss": "5.921", "ppl": "60.57", "wps": "902", "ups": "0", "wpb": "12079.057", "bsz": "487.688", "num_updates": "433", "lr": "5.4125e-05", "gnorm": "0.166", "clip": "0.000", "oom": "0.000", "wall": "5987", "train_wall": "12017"}
{"epoch": 51, "update": 50.489, "loss": "0.853", "sim_loss": "0.0106851", "nll_loss": "5.817", "ppl": "56.37", "wps": "902", "ups": "0", "wpb": "12083.255", "bsz": "490.857", "num_updates": "453", "lr": "5.6625e-05", "gnorm": "0.158", "clip": "0.000", "oom": "0.000", "wall": "6256", "train_wall": "12286"}
{"epoch": 51, "update": 50.55, "loss": "0.837", "sim_loss": "0.00992188", "nll_loss": "5.716", "ppl": "52.56", "wps": "904", "ups": "0", "wpb": "12113.497", "bsz": "492.171", "num_updates": "473", "lr": "5.9125e-05", "gnorm": "0.150", "clip": "0.000", "oom": "0.000", "wall": "6524", "train_wall": "12554"}
{"epoch": 51, "update": 50.612, "loss": "0.823", "sim_loss": "0.00925836", "nll_loss": "5.620", "ppl": "49.17", "wps": "907", "ups": "0", "wpb": "12119.965", "bsz": "494.378", "num_updates": "493", "lr": "6.1625e-05", "gnorm": "0.143", "clip": "0.000", "oom": "0.000", "wall": "6785", "train_wall": "12814"}
{"epoch": 51, "update": 50.673, "loss": "0.808", "sim_loss": "0.00866697", "nll_loss": "5.527", "ppl": "46.11", "wps": "908", "ups": "0", "wpb": "12118.638", "bsz": "495.326", "num_updates": "513", "lr": "6.4125e-05", "gnorm": "0.137", "clip": "0.000", "oom": "0.000", "wall": "7047", "train_wall": "13075"}
{"epoch": 51, "update": 50.734, "loss": "0.795", "sim_loss": "0.00813774", "nll_loss": "5.438", "ppl": "43.36", "wps": "908", "ups": "0", "wpb": "12117.593", "bsz": "493.452", "num_updates": "533", "lr": "6.6625e-05", "gnorm": "0.131", "clip": "0.000", "oom": "0.000", "wall": "7313", "train_wall": "13341"}
{"epoch": 51, "update": 50.795, "loss": "0.781", "sim_loss": "0.00766042", "nll_loss": "5.348", "ppl": "40.73", "wps": "909", "ups": "0", "wpb": "12121.828", "bsz": "494.398", "num_updates": "553", "lr": "6.9125e-05", "gnorm": "0.126", "clip": "0.000", "oom": "0.000", "wall": "7581", "train_wall": "13608"}
{"epoch": 51, "update": 50.856, "loss": "0.767", "sim_loss": "0.00723256", "nll_loss": "5.260", "ppl": "38.31", "wps": "908", "ups": "0", "wpb": "12117.132", "bsz": "494.025", "num_updates": "573", "lr": "7.1625e-05", "gnorm": "0.121", "clip": "0.000", "oom": "0.000", "wall": "7848", "train_wall": "13875"}
{"epoch": 51, "update": 50.917, "loss": "0.754", "sim_loss": "0.00683883", "nll_loss": "5.174", "ppl": "36.11", "wps": "906", "ups": "0", "wpb": "12118.395", "bsz": "491.276", "num_updates": "593", "lr": "7.4125e-05", "gnorm": "0.117", "clip": "0.000", "oom": "0.000", "wall": "8124", "train_wall": "14151"}
{"epoch": 51, "update": 50.979, "loss": "0.741", "sim_loss": "0.00648687", "nll_loss": "5.086", "ppl": "33.97", "wps": "907", "ups": "0", "wpb": "12113.670", "bsz": "492.075", "num_updates": "613", "lr": "7.6625e-05", "gnorm": "0.113", "clip": "0.000", "oom": "0.000", "wall": "8388", "train_wall": "14413"}
{"epoch": 51, "train_loss": "0.738", "train_sim_loss": "0.00640299", "train_nll_loss": "5.065", "train_ppl": "33.48", "train_wps": "906", "train_ups": "0", "train_wpb": "12076.801", "train_bsz": "490.028", "train_num_updates": "619", "train_lr": "7.7375e-05", "train_gnorm": "0.112", "train_clip": "0.000", "train_oom": "0.000", "train_wall": "8458", "train_train_wall": "14484"}
{"epoch": 51, "valid_loss": "0.521", "valid_sim_loss": "0.0010219", "valid_nll_loss": "3.600", "valid_ppl": "12.12", "valid_num_updates": "619", "valid_best_loss": "0.520731"}
| saved checkpoint /ceph_int/solarawang/1211_net_sim/1213_50_20_512_8_4gpu_checkpoints/checkpoint51.pt (epoch 51 @ 619 updates) (writing took 4.773998260498047 seconds)
{"epoch": 52, "update": 51.061, "loss": "0.513", "sim_loss": "0.000923832", "nll_loss": "3.558", "ppl": "11.78", "wps": "919", "ups": "0", "wpb": "12080.571", "bsz": "476.619", "num_updates": "640", "lr": "8e-05", "gnorm": "0.048", "clip": "0.000", "oom": "0.000", "wall": "8943", "train_wall": "14758"}
{"epoch": 52, "update": 51.122, "loss": "0.500", "sim_loss": "0.000858178", "nll_loss": "3.476", "ppl": "11.12", "wps": "908", "ups": "0", "wpb": "12161.488", "bsz": "487.122", "num_updates": "660", "lr": "8.25e-05", "gnorm": "0.046", "clip": "0.000", "oom": "0.000", "wall": "9217", "train_wall": "15030"}
{"epoch": 52, "update": 51.183, "loss": "0.488", "sim_loss": "0.000797464", "nll_loss": "3.394", "ppl": "10.51", "wps": "910", "ups": "0", "wpb": "12127.459", "bsz": "491.328", "num_updates": "680", "lr": "8.5e-05", "gnorm": "0.045", "clip": "0.000", "oom": "0.000", "wall": "9480", "train_wall": "15294"}
{"epoch": 52, "update": 51.245, "loss": "0.478", "sim_loss": "0.000742342", "nll_loss": "3.322", "ppl": "10", "wps": "903", "ups": "0", "wpb": "12122.790", "bsz": "487.840", "num_updates": "700", "lr": "8.75e-05", "gnorm": "0.043", "clip": "0.000", "oom": "0.000", "wall": "9755", "train_wall": "15567"}
{"epoch": 52, "update": 51.306, "loss": "0.466", "sim_loss": "0.000694715", "nll_loss": "3.243", "ppl": "9.47", "wps": "908", "ups": "0", "wpb": "12133.752", "bsz": "489.752", "num_updates": "720", "lr": "9e-05", "gnorm": "0.042", "clip": "0.000", "oom": "0.000", "wall": "10017", "train_wall": "15829"}
{"epoch": 52, "update": 51.367, "loss": "0.456", "sim_loss": "0.000650889", "nll_loss": "3.172", "ppl": "9.01", "wps": "907", "ups": "0", "wpb": "12135.521", "bsz": "488.702", "num_updates": "740", "lr": "9.25e-05", "gnorm": "0.041", "clip": "0.000", "oom": "0.000", "wall": "10285", "train_wall": "16097"}
{"epoch": 52, "update": 51.428, "loss": "0.445", "sim_loss": "0.000610984", "nll_loss": "3.096", "ppl": "8.55", "wps": "911", "ups": "0", "wpb": "12131.340", "bsz": "491.596", "num_updates": "760", "lr": "9.5e-05", "gnorm": "0.040", "clip": "0.000", "oom": "0.000", "wall": "10545", "train_wall": "16356"}
{"epoch": 52, "update": 51.489, "loss": "0.434", "sim_loss": "0.000575322", "nll_loss": "3.023", "ppl": "8.13", "wps": "912", "ups": "0", "wpb": "12124.634", "bsz": "493.783", "num_updates": "780", "lr": "9.75e-05", "gnorm": "0.039", "clip": "0.000", "oom": "0.000", "wall": "10807", "train_wall": "16617"}
{"epoch": 52, "update": 51.55, "loss": "0.424", "sim_loss": "0.000542338", "nll_loss": "2.953", "ppl": "7.74", "wps": "913", "ups": "0", "wpb": "12127.503", "bsz": "494.939", "num_updates": "800", "lr": "0.0001", "gnorm": "0.038", "clip": "0.000", "oom": "0.000", "wall": "11071", "train_wall": "16881"}
{"epoch": 52, "update": 51.612, "loss": "0.414", "sim_loss": "0.0005124", "nll_loss": "2.885", "ppl": "7.39", "wps": "913", "ups": "0", "wpb": "12117.836", "bsz": "494.119", "num_updates": "820", "lr": "0.0001025", "gnorm": "0.037", "clip": "0.000", "oom": "0.000", "wall": "11336", "train_wall": "17146"}
{"epoch": 52, "update": 51.673, "loss": "0.405", "sim_loss": "0.000485", "nll_loss": "2.820", "ppl": "7.06", "wps": "910", "ups": "0", "wpb": "12103.805", "bsz": "493.140", "num_updates": "840", "lr": "0.000105", "gnorm": "0.037", "clip": "0.000", "oom": "0.000", "wall": "11607", "train_wall": "17416"}
{"epoch": 52, "update": 51.734, "loss": "0.396", "sim_loss": "0.000459903", "nll_loss": "2.756", "ppl": "6.76", "wps": "910", "ups": "0", "wpb": "12089.568", "bsz": "492.743", "num_updates": "860", "lr": "0.0001075", "gnorm": "0.036", "clip": "0.000", "oom": "0.000", "wall": "11870", "train_wall": "17678"}
{"epoch": 52, "update": 51.795, "loss": "0.386", "sim_loss": "0.000436642", "nll_loss": "2.689", "ppl": "6.45", "wps": "911", "ups": "0", "wpb": "12105.195", "bsz": "494.693", "num_updates": "880", "lr": "0.00011", "gnorm": "0.035", "clip": "0.000", "oom": "0.000", "wall": "12137", "train_wall": "17945"}
{"epoch": 52, "update": 51.856, "loss": "0.377", "sim_loss": "0.000415508", "nll_loss": "2.625", "ppl": "6.17", "wps": "911", "ups": "0", "wpb": "12106.786", "bsz": "495.416", "num_updates": "900", "lr": "0.0001125", "gnorm": "0.035", "clip": "0.000", "oom": "0.000", "wall": "12400", "train_wall": "18208"}
{"epoch": 52, "update": 51.917, "loss": "0.368", "sim_loss": "0.000396048", "nll_loss": "2.563", "ppl": "5.91", "wps": "911", "ups": "0", "wpb": "12107.189", "bsz": "494.106", "num_updates": "920", "lr": "0.000115", "gnorm": "0.034", "clip": "0.000", "oom": "0.000", "wall": "12668", "train_wall": "18476"}
{"epoch": 52, "update": 51.979, "loss": "0.360", "sim_loss": "0.000378089", "nll_loss": "2.504", "ppl": "5.67", "wps": "907", "ups": "0", "wpb": "12111.000", "bsz": "491.442", "num_updates": "940", "lr": "0.0001175", "gnorm": "0.034", "clip": "0.000", "oom": "0.000", "wall": "12951", "train_wall": "18758"}
{"epoch": 52, "train_loss": "0.357", "train_sim_loss": "0.000373758", "train_nll_loss": "2.489", "train_ppl": "5.62", "train_wps": "907", "train_ups": "0", "train_wpb": "12076.801", "train_bsz": "490.028", "train_num_updates": "946", "train_lr": "0.00011825", "train_gnorm": "0.034", "train_clip": "0.000", "train_oom": "0.000", "train_wall": "13019", "train_train_wall": "18825"}
{"epoch": 52, "valid_loss": "0.215", "valid_sim_loss": "0.000105488", "valid_nll_loss": "1.492", "valid_ppl": "2.81", "valid_num_updates": "946", "valid_best_loss": "0.215269"}
| saved checkpoint /ceph_int/solarawang/1211_net_sim/1213_50_20_512_8_4gpu_checkpoints/checkpoint52.pt (epoch 52 @ 946 updates) (writing took 4.910475254058838 seconds)
{"epoch": 53, "update": 52.061, "loss": "0.210", "sim_loss": "9.31132e-05", "nll_loss": "1.472", "ppl": "2.77", "wps": "887", "ups": "0", "wpb": "12055.333", "bsz": "466.714", "num_updates": "967", "lr": "0.000120875", "gnorm": "0.026", "clip": "0.000", "oom": "0.000", "wall": "13515", "train_wall": "19110"}
{"epoch": 53, "update": 52.122, "loss": "0.203", "sim_loss": "8.76285e-05", "nll_loss": "1.418", "ppl": "2.67", "wps": "892", "ups": "0", "wpb": "12077.049", "bsz": "479.829", "num_updates": "987", "lr": "0.000123375", "gnorm": "0.026", "clip": "0.000", "oom": "0.000", "wall": "13785", "train_wall": "19379"}
{"epoch": 53, "update": 52.183, "loss": "0.198", "sim_loss": "8.28011e-05", "nll_loss": "1.380", "ppl": "2.6", "wps": "894", "ups": "0", "wpb": "12112.541", "bsz": "479.918", "num_updates": "1007", "lr": "0.000125875", "gnorm": "0.026", "clip": "0.000", "oom": "0.000", "wall": "14057", "train_wall": "19650"}
{"epoch": 53, "update": 52.245, "loss": "0.192", "sim_loss": "7.87817e-05", "nll_loss": "1.339", "ppl": "2.53", "wps": "893", "ups": "0", "wpb": "12111.136", "bsz": "482.321", "num_updates": "1027", "lr": "0.000128375", "gnorm": "0.026", "clip": "0.000", "oom": "0.000", "wall": "14329", "train_wall": "19921"}
{"epoch": 53, "update": 52.306, "loss": "0.185", "sim_loss": "7.5203e-05", "nll_loss": "1.293", "ppl": "2.45", "wps": "898", "ups": "0", "wpb": "12097.644", "bsz": "489.347", "num_updates": "1047", "lr": "0.000130875", "gnorm": "0.026", "clip": "0.000", "oom": "0.000", "wall": "14591", "train_wall": "20183"}
{"epoch": 53, "update": 52.367, "loss": "0.180", "sim_loss": "7.16377e-05", "nll_loss": "1.255", "ppl": "2.39", "wps": "896", "ups": "0", "wpb": "12084.298", "bsz": "490.066", "num_updates": "1067", "lr": "0.000133375", "gnorm": "0.026", "clip": "0.000", "oom": "0.000", "wall": "14862", "train_wall": "20453"}
{"epoch": 53, "update": 52.428, "loss": "0.173", "sim_loss": "6.85026e-05", "nll_loss": "1.212", "ppl": "2.32", "wps": "897", "ups": "0", "wpb": "12076.809", "bsz": "491.156", "num_updates": "1087", "lr": "0.000135875", "gnorm": "0.026", "clip": "0.000", "oom": "0.000", "wall": "15129", "train_wall": "20719"}
{"epoch": 53, "update": 52.489, "loss": "0.168", "sim_loss": "6.56155e-05", "nll_loss": "1.176", "ppl": "2.26", "wps": "898", "ups": "0", "wpb": "12071.267", "bsz": "491.491", "num_updates": "1107", "lr": "0.000138375", "gnorm": "0.026", "clip": "0.000", "oom": "0.000", "wall": "15394", "train_wall": "20985"}
{"epoch": 53, "update": 52.55, "loss": "0.163", "sim_loss": "6.27115e-05", "nll_loss": "1.140", "ppl": "2.2", "wps": "897", "ups": "0", "wpb": "12087.669", "bsz": "491.735", "num_updates": "1127", "lr": "0.000140875", "gnorm": "0.026", "clip": "0.000", "oom": "0.000", "wall": "15668", "train_wall": "21258"}
{"epoch": 53, "update": 52.612, "loss": "0.158", "sim_loss": "6.01458e-05", "nll_loss": "1.106", "ppl": "2.15", "wps": "897", "ups": "0", "wpb": "12095.607", "bsz": "490.597", "num_updates": "1147", "lr": "0.000143375", "gnorm": "0.026", "clip": "0.000", "oom": "0.000", "wall": "15941", "train_wall": "21530"}
{"epoch": 53, "update": 52.673, "loss": "0.154", "sim_loss": "5.77443e-05", "nll_loss": "1.074", "ppl": "2.11", "wps": "897", "ups": "0", "wpb": "12102.891", "bsz": "490.670", "num_updates": "1167", "lr": "0.000145875", "gnorm": "0.026", "clip": "0.000", "oom": "0.000", "wall": "16213", "train_wall": "21801"}
{"epoch": 53, "update": 52.734, "loss": "0.149", "sim_loss": "5.54179e-05", "nll_loss": "1.044", "ppl": "2.06", "wps": "898", "ups": "0", "wpb": "12106.183", "bsz": "488.959", "num_updates": "1187", "lr": "0.000148375", "gnorm": "0.026", "clip": "0.000", "oom": "0.000", "wall": "16480", "train_wall": "22068"}
{"epoch": 53, "update": 52.795, "loss": "0.145", "sim_loss": "5.33521e-05", "nll_loss": "1.014", "ppl": "2.02", "wps": "897", "ups": "0", "wpb": "12101.345", "bsz": "489.674", "num_updates": "1207", "lr": "0.000150875", "gnorm": "0.026", "clip": "0.000", "oom": "0.000", "wall": "16750", "train_wall": "22337"}
{"epoch": 53, "update": 52.856, "loss": "0.141", "sim_loss": "5.13752e-05", "nll_loss": "0.984", "ppl": "1.98", "wps": "900", "ups": "0", "wpb": "12117.562", "bsz": "490.797", "num_updates": "1227", "lr": "0.000153375", "gnorm": "0.026", "clip": "0.000", "oom": "0.000", "wall": "17015", "train_wall": "22602"}
{"epoch": 53, "update": 52.917, "loss": "0.137", "sim_loss": "4.95518e-05", "nll_loss": "0.957", "ppl": "1.94", "wps": "901", "ups": "0", "wpb": "12119.209", "bsz": "492.027", "num_updates": "1247", "lr": "0.000155875", "gnorm": "0.026", "clip": "0.000", "oom": "0.000", "wall": "17280", "train_wall": "22867"}
{"epoch": 53, "update": 52.979, "loss": "0.133", "sim_loss": "4.7849e-05", "nll_loss": "0.930", "ppl": "1.91", "wps": "903", "ups": "0", "wpb": "12111.012", "bsz": "491.601", "num_updates": "1267", "lr": "0.000158375", "gnorm": "0.026", "clip": "0.000", "oom": "0.000", "wall": "17538", "train_wall": "23123"}
{"epoch": 53, "train_loss": "0.132", "train_sim_loss": "4.74357e-05", "train_nll_loss": "0.924", "train_ppl": "1.9", "train_wps": "902", "train_ups": "0", "train_wpb": "12076.801", "train_bsz": "490.028", "train_num_updates": "1273", "train_lr": "0.000159125", "train_gnorm": "0.026", "train_clip": "0.000", "train_oom": "0.000", "train_wall": "17608", "train_train_wall": "23193"}
{"epoch": 53, "valid_loss": "0.073", "valid_sim_loss": "2.80755e-05", "valid_nll_loss": "0.508", "valid_ppl": "1.42", "valid_num_updates": "1273", "valid_best_loss": "0.0733747"}
| saved checkpoint /ceph_int/solarawang/1211_net_sim/1213_50_20_512_8_4gpu_checkpoints/checkpoint53.pt (epoch 53 @ 1273 updates) (writing took 4.837192058563232 seconds)
{"epoch": 54, "update": 53.061, "loss": "0.067", "sim_loss": "2.08543e-05", "nll_loss": "0.466", "ppl": "1.38", "wps": "921", "ups": "0", "wpb": "12261.286", "bsz": "497.905", "num_updates": "1294", "lr": "0.00016175", "gnorm": "0.025", "clip": "0.000", "oom": "0.000", "wall": "18098", "train_wall": "23471"}
{"epoch": 54, "update": 53.122, "loss": "0.065", "sim_loss": "1.99165e-05", "nll_loss": "0.457", "ppl": "1.37", "wps": "933", "ups": "0", "wpb": "12215.220", "bsz": "506.683", "num_updates": "1314", "lr": "0.00016425", "gnorm": "0.025", "clip": "0.000", "oom": "0.000", "wall": "18355", "train_wall": "23728"}
{"epoch": 54, "update": 53.183, "loss": "0.063", "sim_loss": "1.91262e-05", "nll_loss": "0.441", "ppl": "1.36", "wps": "933", "ups": "0", "wpb": "12197.344", "bsz": "509.213", "num_updates": "1334", "lr": "0.00016675", "gnorm": "0.025", "clip": "0.000", "oom": "0.000", "wall": "18616", "train_wall": "23988"}
{"epoch": 54, "update": 53.245, "loss": "0.062", "sim_loss": "1.84663e-05", "nll_loss": "0.429", "ppl": "1.35", "wps": "924", "ups": "0", "wpb": "12138.963", "bsz": "501.556", "num_updates": "1354", "lr": "0.00016925", "gnorm": "0.025", "clip": "0.000", "oom": "0.000", "wall": "18882", "train_wall": "24254"}
{"epoch": 54, "update": 53.306, "loss": "0.060", "sim_loss": "1.78485e-05", "nll_loss": "0.418", "ppl": "1.34", "wps": "923", "ups": "0", "wpb": "12108.713", "bsz": "495.624", "num_updates": "1374", "lr": "0.00017175", "gnorm": "0.025", "clip": "0.000", "oom": "0.000", "wall": "19144", "train_wall": "24515"}
{"epoch": 54, "update": 53.367, "loss": "0.058", "sim_loss": "1.72907e-05", "nll_loss": "0.405", "ppl": "1.32", "wps": "925", "ups": "0", "wpb": "12107.099", "bsz": "494.314", "num_updates": "1394", "lr": "0.00017425", "gnorm": "0.024", "clip": "0.000", "oom": "0.000", "wall": "19403", "train_wall": "24773"}
{"epoch": 54, "update": 53.428, "loss": "0.057", "sim_loss": "1.68006e-05", "nll_loss": "0.394", "ppl": "1.31", "wps": "918", "ups": "0", "wpb": "12093.298", "bsz": "492.340", "num_updates": "1414", "lr": "0.00017675", "gnorm": "0.024", "clip": "0.000", "oom": "0.000", "wall": "19677", "train_wall": "25047"}
{"epoch": 54, "update": 53.489, "loss": "0.055", "sim_loss": "1.62814e-05", "nll_loss": "0.383", "ppl": "1.3", "wps": "916", "ups": "0", "wpb": "12097.913", "bsz": "493.410", "num_updates": "1434", "lr": "0.00017925", "gnorm": "0.024", "clip": "0.000", "oom": "0.000", "wall": "19944", "train_wall": "25313"}
{"epoch": 54, "update": 53.55, "loss": "0.053", "sim_loss": "1.58137e-05", "nll_loss": "0.372", "ppl": "1.29", "wps": "917", "ups": "0", "wpb": "12104.072", "bsz": "492.591", "num_updates": "1454", "lr": "0.00018175", "gnorm": "0.024", "clip": "0.000", "oom": "0.000", "wall": "20207", "train_wall": "25576"}
{"epoch": 54, "update": 53.612, "loss": "0.052", "sim_loss": "1.53905e-05", "nll_loss": "0.362", "ppl": "1.28", "wps": "915", "ups": "0", "wpb": "12111.667", "bsz": "491.065", "num_updates": "1474", "lr": "0.00018425", "gnorm": "0.024", "clip": "0.000", "oom": "0.000", "wall": "20478", "train_wall": "25846"}
{"epoch": 54, "update": 53.673, "loss": "0.050", "sim_loss": "1.49953e-05", "nll_loss": "0.352", "ppl": "1.28", "wps": "915", "ups": "0", "wpb": "12113.733", "bsz": "492.204", "num_updates": "1494", "lr": "0.00018675", "gnorm": "0.024", "clip": "0.000", "oom": "0.000", "wall": "20744", "train_wall": "26112"}
{"epoch": 54, "update": 53.734, "loss": "0.049", "sim_loss": "1.46293e-05", "nll_loss": "0.342", "ppl": "1.27", "wps": "914", "ups": "0", "wpb": "12122.087", "bsz": "494.602", "num_updates": "1514", "lr": "0.00018925", "gnorm": "0.024", "clip": "0.000", "oom": "0.000", "wall": "21015", "train_wall": "26383"}
{"epoch": 54, "update": 53.795, "loss": "0.048", "sim_loss": "1.42647e-05", "nll_loss": "0.334", "ppl": "1.26", "wps": "913", "ups": "0", "wpb": "12123.077", "bsz": "493.594", "num_updates": "1534", "lr": "0.00019175", "gnorm": "0.023", "clip": "0.000", "oom": "0.000", "wall": "21283", "train_wall": "26651"}
{"epoch": 54, "update": 53.856, "loss": "0.047", "sim_loss": "1.39253e-05", "nll_loss": "0.325", "ppl": "1.25", "wps": "914", "ups": "0", "wpb": "12128.078", "bsz": "493.274", "num_updates": "1554", "lr": "0.00019425", "gnorm": "0.023", "clip": "0.000", "oom": "0.000", "wall": "21547", "train_wall": "26914"}
{"epoch": 54, "update": 53.917, "loss": "0.045", "sim_loss": "1.36226e-05", "nll_loss": "0.317", "ppl": "1.25", "wps": "914", "ups": "0", "wpb": "12136.478", "bsz": "494.565", "num_updates": "1574", "lr": "0.00019675", "gnorm": "0.023", "clip": "0.000", "oom": "0.000", "wall": "21815", "train_wall": "27181"}
{"epoch": 54, "update": 53.979, "loss": "0.044", "sim_loss": "1.32985e-05", "nll_loss": "0.309", "ppl": "1.24", "wps": "912", "ups": "0", "wpb": "12115.430", "bsz": "490.988", "num_updates": "1594", "lr": "0.00019925", "gnorm": "0.023", "clip": "0.000", "oom": "0.000", "wall": "22083", "train_wall": "27448"}
{"epoch": 54, "train_loss": "0.044", "train_sim_loss": "1.32245e-05", "train_nll_loss": "0.308", "train_ppl": "1.24", "train_wps": "912", "train_ups": "0", "train_wpb": "12076.801", "train_bsz": "490.028", "train_num_updates": "1600", "train_lr": "0.0002", "train_gnorm": "0.023", "train_clip": "0.000", "train_oom": "0.000", "train_wall": "22151", "train_train_wall": "27516"}
{"epoch": 54, "valid_loss": "0.029", "valid_sim_loss": "1.51275e-05", "valid_nll_loss": "0.199", "valid_ppl": "1.15", "valid_num_updates": "1600", "valid_best_loss": "0.0287382"}
| saved checkpoint /ceph_int/solarawang/1211_net_sim/1213_50_20_512_8_4gpu_checkpoints/checkpoint54.pt (epoch 54 @ 1600 updates) (writing took 4.798396348953247 seconds)
{"epoch": 55, "update": 54.061, "loss": "0.024", "sim_loss": "8.17146e-06", "nll_loss": "0.170", "ppl": "1.13", "wps": "912", "ups": "0", "wpb": "12096.286", "bsz": "476.286", "num_updates": "1621", "lr": "0.000202625", "gnorm": "0.020", "clip": "0.000", "oom": "0.000", "wall": "22638", "train_wall": "27792"}
{"epoch": 55, "update": 54.122, "loss": "0.024", "sim_loss": "7.89871e-06", "nll_loss": "0.164", "ppl": "1.12", "wps": "913", "ups": "0", "wpb": "12091.902", "bsz": "485.561", "num_updates": "1641", "lr": "0.000205125", "gnorm": "0.020", "clip": "0.000", "oom": "0.000", "wall": "22902", "train_wall": "28056"}
{"epoch": 55, "update": 54.183, "loss": "0.023", "sim_loss": "7.75128e-06", "nll_loss": "0.159", "ppl": "1.12", "wps": "911", "ups": "0", "wpb": "12119.754", "bsz": "494.705", "num_updates": "1661", "lr": "0.000207625", "gnorm": "0.020", "clip": "0.000", "oom": "0.000", "wall": "23171", "train_wall": "28324"}
{"epoch": 55, "update": 54.245, "loss": "0.022", "sim_loss": "7.58333e-06", "nll_loss": "0.155", "ppl": "1.11", "wps": "909", "ups": "0", "wpb": "12045.704", "bsz": "487.988", "num_updates": "1681", "lr": "0.000210125", "gnorm": "0.019", "clip": "0.000", "oom": "0.000", "wall": "23432", "train_wall": "28585"}
{"epoch": 55, "update": 54.306, "loss": "0.022", "sim_loss": "7.42883e-06", "nll_loss": "0.152", "ppl": "1.11", "wps": "912", "ups": "0", "wpb": "12046.020", "bsz": "490.703", "num_updates": "1701", "lr": "0.000212625", "gnorm": "0.019", "clip": "0.000", "oom": "0.000", "wall": "23693", "train_wall": "28845"}
{"epoch": 55, "update": 54.367, "loss": "0.021", "sim_loss": "7.29337e-06", "nll_loss": "0.148", "ppl": "1.11", "wps": "916", "ups": "0", "wpb": "12075.198", "bsz": "492.306", "num_updates": "1721", "lr": "0.000215125", "gnorm": "0.019", "clip": "0.000", "oom": "0.000", "wall": "23955", "train_wall": "29107"}
{"epoch": 55, "update": 54.428, "loss": "0.021", "sim_loss": "7.1515e-06", "nll_loss": "0.144", "ppl": "1.11", "wps": "912", "ups": "0", "wpb": "12088.738", "bsz": "491.546", "num_updates": "1741", "lr": "0.000217625", "gnorm": "0.019", "clip": "0.000", "oom": "0.000", "wall": "24229", "train_wall": "29380"}
{"epoch": 55, "update": 54.489, "loss": "0.020", "sim_loss": "7.01574e-06", "nll_loss": "0.141", "ppl": "1.1", "wps": "910", "ups": "0", "wpb": "12076.335", "bsz": "491.335", "num_updates": "1761", "lr": "0.000220125", "gnorm": "0.019", "clip": "0.000", "oom": "0.000", "wall": "24495", "train_wall": "29646"}
{"epoch": 55, "update": 54.55, "loss": "0.020", "sim_loss": "6.89975e-06", "nll_loss": "0.137", "ppl": "1.1", "wps": "909", "ups": "0", "wpb": "12088.276", "bsz": "491.768", "num_updates": "1781", "lr": "0.000222625", "gnorm": "0.019", "clip": "0.000", "oom": "0.000", "wall": "24766", "train_wall": "29916"}
{"epoch": 55, "update": 54.612, "loss": "0.019", "sim_loss": "6.77565e-06", "nll_loss": "0.134", "ppl": "1.1", "wps": "910", "ups": "0", "wpb": "12097.050", "bsz": "492.965", "num_updates": "1801", "lr": "0.000225125", "gnorm": "0.019", "clip": "0.000", "oom": "0.000", "wall": "25030", "train_wall": "30179"}
{"epoch": 55, "update": 54.673, "loss": "0.019", "sim_loss": "6.66063e-06", "nll_loss": "0.131", "ppl": "1.1", "wps": "912", "ups": "0", "wpb": "12101.050", "bsz": "492.113", "num_updates": "1821", "lr": "0.000227625", "gnorm": "0.018", "clip": "0.000", "oom": "0.000", "wall": "25290", "train_wall": "30440"}
{"epoch": 55, "update": 54.734, "loss": "0.018", "sim_loss": "6.54344e-06", "nll_loss": "0.128", "ppl": "1.09", "wps": "912", "ups": "0", "wpb": "12114.108", "bsz": "492.017", "num_updates": "1841", "lr": "0.000230125", "gnorm": "0.018", "clip": "0.000", "oom": "0.000", "wall": "25560", "train_wall": "30708"}
{"epoch": 55, "update": 54.795, "loss": "0.018", "sim_loss": "6.42383e-06", "nll_loss": "0.126", "ppl": "1.09", "wps": "912", "ups": "0", "wpb": "12108.172", "bsz": "491.084", "num_updates": "1861", "lr": "0.000232625", "gnorm": "0.018", "clip": "0.000", "oom": "0.000", "wall": "25824", "train_wall": "30972"}
{"epoch": 55, "update": 54.856, "loss": "0.018", "sim_loss": "6.31475e-06", "nll_loss": "0.123", "ppl": "1.09", "wps": "911", "ups": "0", "wpb": "12109.174", "bsz": "491.534", "num_updates": "1881", "lr": "0.000235125", "gnorm": "0.018", "clip": "0.000", "oom": "0.000", "wall": "26095", "train_wall": "31242"}
{"epoch": 55, "update": 54.917, "loss": "0.017", "sim_loss": "6.21373e-06", "nll_loss": "0.121", "ppl": "1.09", "wps": "910", "ups": "0", "wpb": "12110.369", "bsz": "489.844", "num_updates": "1901", "lr": "0.000237625", "gnorm": "0.018", "clip": "0.000", "oom": "0.000", "wall": "26363", "train_wall": "31510"}
{"epoch": 55, "update": 54.979, "loss": "0.017", "sim_loss": "6.12183e-06", "nll_loss": "0.118", "ppl": "1.09", "wps": "911", "ups": "0", "wpb": "12111.586", "bsz": "491.632", "num_updates": "1921", "lr": "0.000240125", "gnorm": "0.018", "clip": "0.000", "oom": "0.000", "wall": "26625", "train_wall": "31772"}
{"epoch": 55, "train_loss": "0.017", "train_sim_loss": "6.10213e-06", "train_nll_loss": "0.118", "train_ppl": "1.09", "train_wps": "911", "train_ups": "0", "train_wpb": "12076.801", "train_bsz": "490.028", "train_num_updates": "1927", "train_lr": "0.000240875", "train_gnorm": "0.018", "train_clip": "0.000", "train_oom": "0.000", "train_wall": "26693", "train_train_wall": "31839"}
{"epoch": 55, "valid_loss": "0.015", "valid_sim_loss": "5.17169e-06", "valid_nll_loss": "0.100", "valid_ppl": "1.07", "valid_num_updates": "1927", "valid_best_loss": "0.0145141"}
| saved checkpoint /ceph_int/solarawang/1211_net_sim/1213_50_20_512_8_4gpu_checkpoints/checkpoint55.pt (epoch 55 @ 1927 updates) (writing took 4.521056175231934 seconds)
{"epoch": 56, "update": 55.061, "loss": "0.009", "sim_loss": "4.61887e-06", "nll_loss": "0.065", "ppl": "1.05", "wps": "924", "ups": "0", "wpb": "12085.905", "bsz": "483.095", "num_updates": "1948", "lr": "0.0002435", "gnorm": "0.014", "clip": "0.000", "oom": "0.000", "wall": "27174", "train_wall": "32112"}
{"epoch": 56, "update": 55.122, "loss": "0.009", "sim_loss": "4.48827e-06", "nll_loss": "0.066", "ppl": "1.05", "wps": "919", "ups": "0", "wpb": "12118.488", "bsz": "484.293", "num_updates": "1968", "lr": "0.000246", "gnorm": "0.014", "clip": "0.000", "oom": "0.000", "wall": "27440", "train_wall": "32378"}
{"epoch": 56, "update": 55.183, "loss": "0.009", "sim_loss": "4.3792e-06", "nll_loss": "0.065", "ppl": "1.05", "wps": "919", "ups": "0", "wpb": "12134.541", "bsz": "492.525", "num_updates": "1988", "lr": "0.0002485", "gnorm": "0.014", "clip": "0.000", "oom": "0.000", "wall": "27705", "train_wall": "32642"}
{"epoch": 56, "update": 55.245, "loss": "0.009", "sim_loss": "4.29772e-06", "nll_loss": "0.064", "ppl": "1.05", "wps": "924", "ups": "0", "wpb": "12172.852", "bsz": "497.481", "num_updates": "2008", "lr": "0.000251", "gnorm": "0.014", "clip": "0.000", "oom": "0.000", "wall": "27966", "train_wall": "32903"}
{"epoch": 56, "update": 55.306, "loss": "0.009", "sim_loss": "4.23485e-06", "nll_loss": "0.063", "ppl": "1.04", "wps": "916", "ups": "0", "wpb": "12189.356", "bsz": "491.347", "num_updates": "2028", "lr": "0.0002535", "gnorm": "0.014", "clip": "0.000", "oom": "0.000", "wall": "28242", "train_wall": "33179"}
{"epoch": 56, "update": 55.367, "loss": "0.009", "sim_loss": "4.19117e-06", "nll_loss": "0.062", "ppl": "1.04", "wps": "919", "ups": "0", "wpb": "12179.058", "bsz": "496.405", "num_updates": "2048", "lr": "0.000256", "gnorm": "0.014", "clip": "0.000", "oom": "0.000", "wall": "28503", "train_wall": "33440"}
{"epoch": 56, "update": 55.428, "loss": "0.009", "sim_loss": "4.1294e-06", "nll_loss": "0.061", "ppl": "1.04", "wps": "919", "ups": "0", "wpb": "12170.972", "bsz": "496.085", "num_updates": "2068", "lr": "0.0002585", "gnorm": "0.014", "clip": "0.000", "oom": "0.000", "wall": "28766", "train_wall": "33701"}
{"epoch": 56, "update": 55.489, "loss": "0.009", "sim_loss": "4.06399e-06", "nll_loss": "0.060", "ppl": "1.04", "wps": "917", "ups": "0", "wpb": "12156.217", "bsz": "494.205", "num_updates": "2088", "lr": "0.000261", "gnorm": "0.014", "clip": "0.000", "oom": "0.000", "wall": "29034", "train_wall": "33969"}
{"epoch": 56, "update": 55.55, "loss": "0.008", "sim_loss": "4.01504e-06", "nll_loss": "0.059", "ppl": "1.04", "wps": "917", "ups": "0", "wpb": "12147.470", "bsz": "493.376", "num_updates": "2108", "lr": "0.0002635", "gnorm": "0.014", "clip": "0.000", "oom": "0.000", "wall": "29296", "train_wall": "34230"}
{"epoch": 56, "update": 55.612, "loss": "0.008", "sim_loss": "3.97025e-06", "nll_loss": "0.058", "ppl": "1.04", "wps": "918", "ups": "0", "wpb": "12138.368", "bsz": "493.249", "num_updates": "2128", "lr": "0.000266", "gnorm": "0.014", "clip": "0.000", "oom": "0.000", "wall": "29557", "train_wall": "34492"}
{"epoch": 56, "update": 55.673, "loss": "0.008", "sim_loss": "3.91361e-06", "nll_loss": "0.057", "ppl": "1.04", "wps": "916", "ups": "0", "wpb": "12123.801", "bsz": "490.489", "num_updates": "2148", "lr": "0.0002685", "gnorm": "0.013", "clip": "0.000", "oom": "0.000", "wall": "29824", "train_wall": "34758"}
{"epoch": 56, "update": 55.734, "loss": "0.008", "sim_loss": "3.87232e-06", "nll_loss": "0.056", "ppl": "1.04", "wps": "916", "ups": "0", "wpb": "12124.680", "bsz": "493.680", "num_updates": "2168", "lr": "0.000271", "gnorm": "0.013", "clip": "0.000", "oom": "0.000", "wall": "30090", "train_wall": "35024"}
{"epoch": 56, "update": 55.795, "loss": "0.008", "sim_loss": "3.82444e-06", "nll_loss": "0.055", "ppl": "1.04", "wps": "915", "ups": "0", "wpb": "12127.375", "bsz": "494.536", "num_updates": "2188", "lr": "0.0002735", "gnorm": "0.013", "clip": "0.000", "oom": "0.000", "wall": "30359", "train_wall": "35292"}
{"epoch": 56, "update": 55.856, "loss": "0.008", "sim_loss": "3.77581e-06", "nll_loss": "0.055", "ppl": "1.04", "wps": "912", "ups": "0", "wpb": "12128.804", "bsz": "494.441", "num_updates": "2208", "lr": "0.000276", "gnorm": "0.013", "clip": "0.000", "oom": "0.000", "wall": "30636", "train_wall": "35569"}
{"epoch": 56, "update": 55.917, "loss": "0.008", "sim_loss": "3.7323e-06", "nll_loss": "0.054", "ppl": "1.04", "wps": "911", "ups": "0", "wpb": "12114.070", "bsz": "493.432", "num_updates": "2228", "lr": "0.0002785", "gnorm": "0.013", "clip": "0.000", "oom": "0.000", "wall": "30900", "train_wall": "35831"}
{"epoch": 56, "update": 55.979, "loss": "0.008", "sim_loss": "3.68614e-06", "nll_loss": "0.053", "ppl": "1.04", "wps": "911", "ups": "0", "wpb": "12114.508", "bsz": "491.810", "num_updates": "2248", "lr": "0.000281", "gnorm": "0.013", "clip": "0.000", "oom": "0.000", "wall": "31167", "train_wall": "36098"}
{"epoch": 56, "train_loss": "0.008", "train_sim_loss": "3.67643e-06", "train_nll_loss": "0.053", "train_ppl": "1.04", "train_wps": "910", "train_ups": "0", "train_wpb": "12076.801", "train_bsz": "490.028", "train_num_updates": "2254", "train_lr": "0.00028175", "train_gnorm": "0.013", "train_clip": "0.000", "train_oom": "0.000", "train_wall": "31237", "train_train_wall": "36167"}
{"epoch": 56, "valid_loss": "0.009", "valid_sim_loss": "4.86717e-06", "valid_nll_loss": "0.060", "valid_ppl": "1.04", "valid_num_updates": "2254", "valid_best_loss": "0.00868184"}
| saved checkpoint /ceph_int/solarawang/1211_net_sim/1213_50_20_512_8_4gpu_checkpoints/checkpoint56.pt (epoch 56 @ 2254 updates) (writing took 5.353420734405518 seconds)
{"epoch": 57, "update": 56.061, "loss": "0.004", "sim_loss": "3.07847e-06", "nll_loss": "0.031", "ppl": "1.02", "wps": "922", "ups": "0", "wpb": "12224.714", "bsz": "520.476", "num_updates": "2275", "lr": "0.000284375", "gnorm": "0.011", "clip": "0.000", "oom": "0.000", "wall": "31726", "train_wall": "36442"}
{"epoch": 57, "update": 56.122, "loss": "0.004", "sim_loss": "2.97434e-06", "nll_loss": "0.030", "ppl": "1.02", "wps": "907", "ups": "0", "wpb": "12191.927", "bsz": "504.366", "num_updates": "2295", "lr": "0.000286875", "gnorm": "0.010", "clip": "0.000", "oom": "0.000", "wall": "31998", "train_wall": "36714"}
{"epoch": 57, "update": 56.183, "loss": "0.004", "sim_loss": "2.93492e-06", "nll_loss": "0.031", "ppl": "1.02", "wps": "919", "ups": "0", "wpb": "12153.443", "bsz": "509.279", "num_updates": "2315", "lr": "0.000289375", "gnorm": "0.010", "clip": "0.000", "oom": "0.000", "wall": "32254", "train_wall": "36970"}
{"epoch": 57, "update": 56.245, "loss": "0.004", "sim_loss": "2.88571e-06", "nll_loss": "0.030", "ppl": "1.02", "wps": "914", "ups": "0", "wpb": "12117.778", "bsz": "499.914", "num_updates": "2335", "lr": "0.000291875", "gnorm": "0.010", "clip": "0.000", "oom": "0.000", "wall": "32522", "train_wall": "37237"}
{"epoch": 57, "update": 56.306, "loss": "0.004", "sim_loss": "2.85088e-06", "nll_loss": "0.030", "ppl": "1.02", "wps": "913", "ups": "0", "wpb": "12117.158", "bsz": "497.158", "num_updates": "2355", "lr": "0.000294375", "gnorm": "0.010", "clip": "0.000", "oom": "0.000", "wall": "32788", "train_wall": "37503"}
{"epoch": 57, "update": 56.367, "loss": "0.004", "sim_loss": "2.82738e-06", "nll_loss": "0.030", "ppl": "1.02", "wps": "911", "ups": "0", "wpb": "12084.818", "bsz": "492.702", "num_updates": "2375", "lr": "0.000296875", "gnorm": "0.010", "clip": "0.000", "oom": "0.000", "wall": "33053", "train_wall": "37767"}
{"epoch": 57, "update": 56.428, "loss": "0.004", "sim_loss": "2.79058e-06", "nll_loss": "0.029", "ppl": "1.02", "wps": "914", "ups": "0", "wpb": "12098.305", "bsz": "494.879", "num_updates": "2395", "lr": "0.000299375", "gnorm": "0.010", "clip": "0.000", "oom": "0.000", "wall": "33313", "train_wall": "38027"}
{"epoch": 57, "update": 56.489, "loss": "0.004", "sim_loss": "2.75913e-06", "nll_loss": "0.029", "ppl": "1.02", "wps": "911", "ups": "0", "wpb": "12089.304", "bsz": "492.839", "num_updates": "2415", "lr": "0.000301875", "gnorm": "0.010", "clip": "0.000", "oom": "0.000", "wall": "33584", "train_wall": "38297"}
{"epoch": 57, "update": 56.55, "loss": "0.004", "sim_loss": "2.73663e-06", "nll_loss": "0.029", "ppl": "1.02", "wps": "913", "ups": "0", "wpb": "12100.403", "bsz": "494.475", "num_updates": "2435", "lr": "0.000304375", "gnorm": "0.010", "clip": "0.000", "oom": "0.000", "wall": "33846", "train_wall": "38558"}
{"epoch": 57, "update": 56.612, "loss": "0.004", "sim_loss": "2.70682e-06", "nll_loss": "0.029", "ppl": "1.02", "wps": "913", "ups": "0", "wpb": "12107.985", "bsz": "495.662", "num_updates": "2455", "lr": "0.000306875", "gnorm": "0.010", "clip": "0.000", "oom": "0.000", "wall": "34113", "train_wall": "38825"}
{"epoch": 57, "update": 56.673, "loss": "0.004", "sim_loss": "2.6828e-06", "nll_loss": "0.028", "ppl": "1.02", "wps": "912", "ups": "0", "wpb": "12103.299", "bsz": "495.014", "num_updates": "2475", "lr": "0.000309375", "gnorm": "0.010", "clip": "0.000", "oom": "0.000", "wall": "34381", "train_wall": "39093"}
{"epoch": 57, "update": 56.734, "loss": "0.004", "sim_loss": "2.66055e-06", "nll_loss": "0.028", "ppl": "1.02", "wps": "909", "ups": "0", "wpb": "12106.402", "bsz": "494.129", "num_updates": "2495", "lr": "0.000311875", "gnorm": "0.010", "clip": "0.000", "oom": "0.000", "wall": "34656", "train_wall": "39367"}
{"epoch": 57, "update": 56.795, "loss": "0.004", "sim_loss": "2.63826e-06", "nll_loss": "0.028", "ppl": "1.02", "wps": "906", "ups": "0", "wpb": "12105.686", "bsz": "492.253", "num_updates": "2515", "lr": "0.000314375", "gnorm": "0.010", "clip": "0.000", "oom": "0.000", "wall": "34936", "train_wall": "39647"}
{"epoch": 57, "update": 56.856, "loss": "0.004", "sim_loss": "2.6128e-06", "nll_loss": "0.027", "ppl": "1.02", "wps": "906", "ups": "0", "wpb": "12112.491", "bsz": "492.377", "num_updates": "2535", "lr": "0.000316875", "gnorm": "0.010", "clip": "0.000", "oom": "0.000", "wall": "35204", "train_wall": "39914"}
{"epoch": 57, "update": 56.917, "loss": "0.004", "sim_loss": "2.58928e-06", "nll_loss": "0.027", "ppl": "1.02", "wps": "905", "ups": "0", "wpb": "12110.704", "bsz": "490.635", "num_updates": "2555", "lr": "0.000319375", "gnorm": "0.010", "clip": "0.000", "oom": "0.000", "wall": "35476", "train_wall": "40186"}
{"epoch": 57, "update": 56.979, "loss": "0.004", "sim_loss": "2.57053e-06", "nll_loss": "0.027", "ppl": "1.02", "wps": "905", "ups": "0", "wpb": "12110.907", "bsz": "492.231", "num_updates": "2575", "lr": "0.000321875", "gnorm": "0.010", "clip": "0.000", "oom": "0.000", "wall": "35745", "train_wall": "40454"}
{"epoch": 57, "train_loss": "0.004", "train_sim_loss": "2.56444e-06", "train_nll_loss": "0.027", "train_ppl": "1.02", "train_wps": "904", "train_ups": "0", "train_wpb": "12076.801", "train_bsz": "490.028", "train_num_updates": "2581", "train_lr": "0.000322625", "train_gnorm": "0.010", "train_clip": "0.000", "train_oom": "0.000", "train_wall": "35816", "train_train_wall": "40524"}
{"epoch": 57, "valid_loss": "0.006", "valid_sim_loss": "1.60142e-05", "valid_nll_loss": "0.043", "valid_ppl": "1.03", "valid_num_updates": "2581", "valid_best_loss": "0.00624964"}
| saved checkpoint /ceph_int/solarawang/1211_net_sim/1213_50_20_512_8_4gpu_checkpoints/checkpoint57.pt (epoch 57 @ 2581 updates) (writing took 5.8419623374938965 seconds)
{"epoch": 58, "update": 57.061, "loss": "0.002", "sim_loss": "2.39278e-06", "nll_loss": "0.017", "ppl": "1.01", "wps": "897", "ups": "0", "wpb": "11986.714", "bsz": "477.381", "num_updates": "2602", "lr": "0.00032525", "gnorm": "0.008", "clip": "0.000", "oom": "0.000", "wall": "36318", "train_wall": "40804"}
{"epoch": 58, "update": 57.122, "loss": "0.002", "sim_loss": "2.27175e-06", "nll_loss": "0.016", "ppl": "1.01", "wps": "895", "ups": "0", "wpb": "12070.976", "bsz": "485.366", "num_updates": "2622", "lr": "0.00032775", "gnorm": "0.008", "clip": "0.000", "oom": "0.000", "wall": "36591", "train_wall": "41076"}
{"epoch": 58, "update": 57.183, "loss": "0.002", "sim_loss": "2.21833e-06", "nll_loss": "0.016", "ppl": "1.01", "wps": "886", "ups": "0", "wpb": "12139.951", "bsz": "486.262", "num_updates": "2642", "lr": "0.00033025", "gnorm": "0.008", "clip": "0.000", "oom": "0.000", "wall": "36873", "train_wall": "41357"}
{"epoch": 58, "update": 57.245, "loss": "0.002", "sim_loss": "2.19766e-06", "nll_loss": "0.016", "ppl": "1.01", "wps": "887", "ups": "0", "wpb": "12117.753", "bsz": "485.642", "num_updates": "2662", "lr": "0.00033275", "gnorm": "0.008", "clip": "0.000", "oom": "0.000", "wall": "37144", "train_wall": "41628"}
{"epoch": 58, "update": 57.306, "loss": "0.002", "sim_loss": "2.17267e-06", "nll_loss": "0.016", "ppl": "1.01", "wps": "890", "ups": "0", "wpb": "12144.356", "bsz": "489.267", "num_updates": "2682", "lr": "0.00033525", "gnorm": "0.008", "clip": "0.000", "oom": "0.000", "wall": "37415", "train_wall": "41899"}
{"epoch": 58, "update": 57.367, "loss": "0.002", "sim_loss": "2.15676e-06", "nll_loss": "0.016", "ppl": "1.01", "wps": "891", "ups": "0", "wpb": "12105.835", "bsz": "490.570", "num_updates": "2702", "lr": "0.00033775", "gnorm": "0.008", "clip": "0.000", "oom": "0.000", "wall": "37681", "train_wall": "42164"}
{"epoch": 58, "update": 57.428, "loss": "0.002", "sim_loss": "2.13749e-06", "nll_loss": "0.016", "ppl": "1.01", "wps": "894", "ups": "0", "wpb": "12112.021", "bsz": "493.142", "num_updates": "2722", "lr": "0.00034025", "gnorm": "0.007", "clip": "0.000", "oom": "0.000", "wall": "37947", "train_wall": "42430"}
{"epoch": 58, "update": 57.489, "loss": "0.002", "sim_loss": "2.11854e-06", "nll_loss": "0.016", "ppl": "1.01", "wps": "895", "ups": "0", "wpb": "12128.547", "bsz": "491.534", "num_updates": "2742", "lr": "0.00034275", "gnorm": "0.007", "clip": "0.000", "oom": "0.000", "wall": "38221", "train_wall": "42703"}
{"epoch": 58, "update": 57.55, "loss": "0.002", "sim_loss": "2.10251e-06", "nll_loss": "0.016", "ppl": "1.01", "wps": "898", "ups": "0", "wpb": "12122.785", "bsz": "492.171", "num_updates": "2762", "lr": "0.00034525", "gnorm": "0.007", "clip": "0.000", "oom": "0.000", "wall": "38482", "train_wall": "42963"}
{"epoch": 58, "update": 57.612, "loss": "0.002", "sim_loss": "2.08593e-06", "nll_loss": "0.016", "ppl": "1.01", "wps": "902", "ups": "0", "wpb": "12138.821", "bsz": "494.119", "num_updates": "2782", "lr": "0.00034775", "gnorm": "0.007", "clip": "0.000", "oom": "0.000", "wall": "38743", "train_wall": "43224"}
{"epoch": 58, "update": 57.673, "loss": "0.002", "sim_loss": "2.07236e-06", "nll_loss": "0.015", "ppl": "1.01", "wps": "902", "ups": "0", "wpb": "12123.566", "bsz": "492.697", "num_updates": "2802", "lr": "0.00035025", "gnorm": "0.007", "clip": "0.000", "oom": "0.000", "wall": "39007", "train_wall": "43488"}
{"epoch": 58, "update": 57.734, "loss": "0.002", "sim_loss": "2.0644e-06", "nll_loss": "0.015", "ppl": "1.01", "wps": "903", "ups": "0", "wpb": "12122.324", "bsz": "493.357", "num_updates": "2822", "lr": "0.00035275", "gnorm": "0.007", "clip": "0.000", "oom": "0.000", "wall": "39274", "train_wall": "43754"}
{"epoch": 58, "update": 57.795, "loss": "0.002", "sim_loss": "2.05235e-06", "nll_loss": "0.015", "ppl": "1.01", "wps": "905", "ups": "0", "wpb": "12112.207", "bsz": "493.874", "num_updates": "2842", "lr": "0.00035525", "gnorm": "0.007", "clip": "0.000", "oom": "0.000", "wall": "39530", "train_wall": "44010"}
{"epoch": 58, "update": 57.856, "loss": "0.002", "sim_loss": "2.03807e-06", "nll_loss": "0.015", "ppl": "1.01", "wps": "904", "ups": "0", "wpb": "12106.722", "bsz": "494.210", "num_updates": "2862", "lr": "0.00035775", "gnorm": "0.007", "clip": "0.000", "oom": "0.000", "wall": "39800", "train_wall": "44279"}
{"epoch": 58, "update": 57.917, "loss": "0.002", "sim_loss": "2.02732e-06", "nll_loss": "0.015", "ppl": "1.01", "wps": "903", "ups": "0", "wpb": "12114.701", "bsz": "492.422", "num_updates": "2882", "lr": "0.00036025", "gnorm": "0.007", "clip": "0.000", "oom": "0.000", "wall": "40078", "train_wall": "44556"}
{"epoch": 58, "update": 57.979, "loss": "0.002", "sim_loss": "2.01877e-06", "nll_loss": "0.015", "ppl": "1.01", "wps": "902", "ups": "0", "wpb": "12112.757", "bsz": "491.791", "num_updates": "2902", "lr": "0.00036275", "gnorm": "0.007", "clip": "0.000", "oom": "0.000", "wall": "40350", "train_wall": "44828"}
{"epoch": 58, "train_loss": "0.002", "train_sim_loss": "2.01485e-06", "train_nll_loss": "0.015", "train_ppl": "1.01", "train_wps": "901", "train_ups": "0", "train_wpb": "12076.801", "train_bsz": "490.028", "train_num_updates": "2908", "train_lr": "0.0003635", "train_gnorm": "0.007", "train_clip": "0.000", "train_oom": "0.000", "train_wall": "40419", "train_train_wall": "44897"}
{"epoch": 58, "valid_loss": "0.005", "valid_sim_loss": "3.74985e-06", "valid_nll_loss": "0.032", "valid_ppl": "1.02", "valid_num_updates": "2908", "valid_best_loss": "0.00468483"}
| saved checkpoint /ceph_int/solarawang/1211_net_sim/1213_50_20_512_8_4gpu_checkpoints/checkpoint58.pt (epoch 58 @ 2908 updates) (writing took 5.102809190750122 seconds)
{"epoch": 59, "update": 58.061, "loss": "0.001", "sim_loss": "1.88481e-06", "nll_loss": "0.010", "ppl": "1.01", "wps": "905", "ups": "0", "wpb": "12210.762", "bsz": "490.714", "num_updates": "2929", "lr": "0.000366125", "gnorm": "0.006", "clip": "0.000", "oom": "0.000", "wall": "40915", "train_wall": "45180"}
{"epoch": 59, "update": 58.122, "loss": "0.001", "sim_loss": "1.7999e-06", "nll_loss": "0.010", "ppl": "1.01", "wps": "906", "ups": "0", "wpb": "12149.439", "bsz": "499.439", "num_updates": "2949", "lr": "0.000368625", "gnorm": "0.006", "clip": "0.000", "oom": "0.000", "wall": "41182", "train_wall": "45446"}
{"epoch": 59, "update": 58.183, "loss": "0.001", "sim_loss": "1.78193e-06", "nll_loss": "0.010", "ppl": "1.01", "wps": "904", "ups": "0", "wpb": "12132.902", "bsz": "494.557", "num_updates": "2969", "lr": "0.000371125", "gnorm": "0.006", "clip": "0.000", "oom": "0.000", "wall": "41451", "train_wall": "45714"}
{"epoch": 59, "update": 58.245, "loss": "0.001", "sim_loss": "1.77843e-06", "nll_loss": "0.010", "ppl": "1.01", "wps": "897", "ups": "0", "wpb": "12088.840", "bsz": "488.506", "num_updates": "2989", "lr": "0.000373625", "gnorm": "0.006", "clip": "0.000", "oom": "0.000", "wall": "41724", "train_wall": "45986"}
{"epoch": 59, "update": 58.306, "loss": "0.001", "sim_loss": "1.76374e-06", "nll_loss": "0.010", "ppl": "1.01", "wps": "898", "ups": "0", "wpb": "12060.089", "bsz": "487.881", "num_updates": "3009", "lr": "0.000376125", "gnorm": "0.006", "clip": "0.000", "oom": "0.000", "wall": "41988", "train_wall": "46250"}
{"epoch": 59, "update": 58.367, "loss": "0.001", "sim_loss": "1.75266e-06", "nll_loss": "0.010", "ppl": "1.01", "wps": "901", "ups": "0", "wpb": "12091.174", "bsz": "487.463", "num_updates": "3029", "lr": "0.000378625", "gnorm": "0.006", "clip": "0.000", "oom": "0.000", "wall": "42255", "train_wall": "46517"}
{"epoch": 59, "update": 58.428, "loss": "0.001", "sim_loss": "1.75049e-06", "nll_loss": "0.010", "ppl": "1.01", "wps": "902", "ups": "0", "wpb": "12064.262", "bsz": "485.426", "num_updates": "3049", "lr": "0.000381125", "gnorm": "0.006", "clip": "0.000", "oom": "0.000", "wall": "42518", "train_wall": "46779"}
{"epoch": 59, "update": 58.489, "loss": "0.001", "sim_loss": "1.73804e-06", "nll_loss": "0.010", "ppl": "1.01", "wps": "900", "ups": "0", "wpb": "12077.435", "bsz": "485.081", "num_updates": "3069", "lr": "0.000383625", "gnorm": "0.006", "clip": "0.000", "oom": "0.000", "wall": "42792", "train_wall": "47052"}
{"epoch": 59, "update": 58.55, "loss": "0.001", "sim_loss": "1.72494e-06", "nll_loss": "0.010", "ppl": "1.01", "wps": "901", "ups": "0", "wpb": "12092.149", "bsz": "487.287", "num_updates": "3089", "lr": "0.000386125", "gnorm": "0.006", "clip": "0.000", "oom": "0.000", "wall": "43062", "train_wall": "47322"}
{"epoch": 59, "update": 58.612, "loss": "0.001", "sim_loss": "1.72383e-06", "nll_loss": "0.010", "ppl": "1.01", "wps": "897", "ups": "0", "wpb": "12092.383", "bsz": "487.030", "num_updates": "3109", "lr": "0.000388625", "gnorm": "0.006", "clip": "0.000", "oom": "0.000", "wall": "43341", "train_wall": "47601"}
{"epoch": 59, "update": 58.673, "loss": "0.001", "sim_loss": "1.71832e-06", "nll_loss": "0.010", "ppl": "1.01", "wps": "896", "ups": "0", "wpb": "12095.054", "bsz": "488.493", "num_updates": "3129", "lr": "0.000391125", "gnorm": "0.006", "clip": "0.000", "oom": "0.000", "wall": "43616", "train_wall": "47875"}
{"epoch": 59, "update": 58.734, "loss": "0.001", "sim_loss": "1.71093e-06", "nll_loss": "0.010", "ppl": "1.01", "wps": "895", "ups": "0", "wpb": "12084.967", "bsz": "488.718", "num_updates": "3149", "lr": "0.000393625", "gnorm": "0.006", "clip": "0.000", "oom": "0.000", "wall": "43886", "train_wall": "48144"}
{"epoch": 59, "update": 58.795, "loss": "0.001", "sim_loss": "1.71034e-06", "nll_loss": "0.010", "ppl": "1.01", "wps": "895", "ups": "0", "wpb": "12096.590", "bsz": "490.176", "num_updates": "3169", "lr": "0.000396125", "gnorm": "0.006", "clip": "0.000", "oom": "0.000", "wall": "44159", "train_wall": "48416"}
{"epoch": 59, "update": 58.856, "loss": "0.001", "sim_loss": "1.69886e-06", "nll_loss": "0.010", "ppl": "1.01", "wps": "896", "ups": "0", "wpb": "12101.577", "bsz": "490.637", "num_updates": "3189", "lr": "0.000398625", "gnorm": "0.006", "clip": "0.000", "oom": "0.000", "wall": "44426", "train_wall": "48683"}
{"epoch": 59, "update": 58.917, "loss": "0.001", "sim_loss": "1.69085e-06", "nll_loss": "0.010", "ppl": "1.01", "wps": "896", "ups": "0", "wpb": "12110.150", "bsz": "491.791", "num_updates": "3209", "lr": "0.000401125", "gnorm": "0.006", "clip": "0.000", "oom": "0.000", "wall": "44699", "train_wall": "48956"}
{"epoch": 59, "update": 58.979, "loss": "0.001", "sim_loss": "1.68924e-06", "nll_loss": "0.010", "ppl": "1.01", "wps": "896", "ups": "0", "wpb": "12114.829", "bsz": "492.371", "num_updates": "3229", "lr": "0.000403625", "gnorm": "0.006", "clip": "0.000", "oom": "0.000", "wall": "44971", "train_wall": "49227"}
{"epoch": 59, "train_loss": "0.001", "train_sim_loss": "1.68698e-06", "train_nll_loss": "0.010", "train_ppl": "1.01", "train_wps": "896", "train_ups": "0", "train_wpb": "12076.801", "train_bsz": "490.028", "train_num_updates": "3235", "train_lr": "0.000404375", "train_gnorm": "0.006", "train_clip": "0.000", "train_oom": "0.000", "train_wall": "45041", "train_train_wall": "49296"}
{"epoch": 59, "valid_loss": "0.004", "valid_sim_loss": "1.65581e-05", "valid_nll_loss": "0.027", "valid_ppl": "1.02", "valid_num_updates": "3235", "valid_best_loss": "0.00401502"}
| saved checkpoint /ceph_int/solarawang/1211_net_sim/1213_50_20_512_8_4gpu_checkpoints/checkpoint59.pt (epoch 59 @ 3235 updates) (writing took 5.6741156578063965 seconds)
{"epoch": 60, "update": 59.061, "loss": "0.001", "sim_loss": "1.68127e-06", "nll_loss": "0.007", "ppl": "1", "wps": "885", "ups": "0", "wpb": "12224.190", "bsz": "488.143", "num_updates": "3256", "lr": "0.000407", "gnorm": "0.005", "clip": "0.000", "oom": "0.000", "wall": "45550", "train_wall": "49584"}
{"epoch": 60, "update": 59.122, "loss": "0.001", "sim_loss": "1.59012e-06", "nll_loss": "0.007", "ppl": "1", "wps": "892", "ups": "0", "wpb": "12199.293", "bsz": "492.049", "num_updates": "3276", "lr": "0.0004095", "gnorm": "0.005", "clip": "0.000", "oom": "0.000", "wall": "45820", "train_wall": "49854"}
{"epoch": 60, "update": 59.183, "loss": "0.001", "sim_loss": "1.57779e-06", "nll_loss": "0.007", "ppl": "1", "wps": "890", "ups": "0", "wpb": "12131.623", "bsz": "489.705", "num_updates": "3296", "lr": "0.000412", "gnorm": "0.005", "clip": "0.000", "oom": "0.000", "wall": "46091", "train_wall": "50124"}
{"epoch": 60, "update": 59.245, "loss": "0.001", "sim_loss": "1.57371e-06", "nll_loss": "0.007", "ppl": "1", "wps": "886", "ups": "0", "wpb": "12160.679", "bsz": "494.037", "num_updates": "3316", "lr": "0.0004145", "gnorm": "0.005", "clip": "0.000", "oom": "0.000", "wall": "46371", "train_wall": "50404"}
{"epoch": 60, "update": 59.306, "loss": "0.001", "sim_loss": "1.56646e-06", "nll_loss": "0.007", "ppl": "1", "wps": "884", "ups": "0", "wpb": "12116.634", "bsz": "491.871", "num_updates": "3336", "lr": "0.000417", "gnorm": "0.005", "clip": "0.000", "oom": "0.000", "wall": "46643", "train_wall": "50675"}
{"epoch": 60, "update": 59.367, "loss": "0.001", "sim_loss": "1.55068e-06", "nll_loss": "0.007", "ppl": "1", "wps": "881", "ups": "0", "wpb": "12111.711", "bsz": "493.628", "num_updates": "3356", "lr": "0.0004195", "gnorm": "0.005", "clip": "0.000", "oom": "0.000", "wall": "46924", "train_wall": "50955"}
{"epoch": 60, "update": 59.428, "loss": "0.001", "sim_loss": "1.55122e-06", "nll_loss": "0.007", "ppl": "1", "wps": "875", "ups": "0", "wpb": "12096.305", "bsz": "488.468", "num_updates": "3376", "lr": "0.000422", "gnorm": "0.005", "clip": "0.000", "oom": "0.000", "wall": "47208", "train_wall": "51239"}
{"epoch": 60, "update": 59.489, "loss": "0.001", "sim_loss": "1.55546e-06", "nll_loss": "0.007", "ppl": "1", "wps": "880", "ups": "0", "wpb": "12088.441", "bsz": "486.658", "num_updates": "3396", "lr": "0.0004245", "gnorm": "0.005", "clip": "0.000", "oom": "0.000", "wall": "47472", "train_wall": "51502"}
{"epoch": 60, "update": 59.55, "loss": "0.001", "sim_loss": "1.54396e-06", "nll_loss": "0.007", "ppl": "1", "wps": "878", "ups": "0", "wpb": "12106.608", "bsz": "488.994", "num_updates": "3416", "lr": "0.000427", "gnorm": "0.005", "clip": "0.000", "oom": "0.000", "wall": "47756", "train_wall": "51785"}
{"epoch": 60, "update": 59.612, "loss": "0.001", "sim_loss": "1.53304e-06", "nll_loss": "0.007", "ppl": "1", "wps": "881", "ups": "0", "wpb": "12101.746", "bsz": "490.761", "num_updates": "3436", "lr": "0.0004295", "gnorm": "0.005", "clip": "0.000", "oom": "0.000", "wall": "48019", "train_wall": "52048"}
{"epoch": 60, "update": 59.673, "loss": "0.001", "sim_loss": "1.53298e-06", "nll_loss": "0.007", "ppl": "1", "wps": "881", "ups": "0", "wpb": "12096.163", "bsz": "490.195", "num_updates": "3456", "lr": "0.000432", "gnorm": "0.005", "clip": "0.000", "oom": "0.000", "wall": "48293", "train_wall": "52321"}
{"epoch": 60, "update": 59.734, "loss": "0.001", "sim_loss": "1.5316e-06", "nll_loss": "0.007", "ppl": "1", "wps": "884", "ups": "0", "wpb": "12093.826", "bsz": "491.685", "num_updates": "3476", "lr": "0.0004345", "gnorm": "0.005", "clip": "0.000", "oom": "0.000", "wall": "48557", "train_wall": "52584"}
{"epoch": 60, "update": 59.795, "loss": "0.001", "sim_loss": "1.52849e-06", "nll_loss": "0.007", "ppl": "1", "wps": "887", "ups": "0", "wpb": "12094.176", "bsz": "491.065", "num_updates": "3496", "lr": "0.000437", "gnorm": "0.005", "clip": "0.000", "oom": "0.000", "wall": "48818", "train_wall": "52845"}
{"epoch": 60, "update": 59.856, "loss": "0.001", "sim_loss": "1.52382e-06", "nll_loss": "0.007", "ppl": "1", "wps": "889", "ups": "0", "wpb": "12092.310", "bsz": "491.445", "num_updates": "3516", "lr": "0.0004395", "gnorm": "0.005", "clip": "0.000", "oom": "0.000", "wall": "49081", "train_wall": "53107"}
{"epoch": 60, "update": 59.917, "loss": "0.001", "sim_loss": "1.52335e-06", "nll_loss": "0.007", "ppl": "1", "wps": "891", "ups": "0", "wpb": "12111.013", "bsz": "491.787", "num_updates": "3536", "lr": "0.000442", "gnorm": "0.005", "clip": "0.000", "oom": "0.000", "wall": "49350", "train_wall": "53376"}
{"epoch": 60, "update": 59.979, "loss": "0.001", "sim_loss": "1.51515e-06", "nll_loss": "0.007", "ppl": "1", "wps": "893", "ups": "0", "wpb": "12107.636", "bsz": "491.246", "num_updates": "3556", "lr": "0.0004445", "gnorm": "0.005", "clip": "0.000", "oom": "0.000", "wall": "49614", "train_wall": "53640"}
{"epoch": 60, "train_loss": "0.001", "train_sim_loss": "1.51481e-06", "train_nll_loss": "0.007", "train_ppl": "1", "train_wps": "892", "train_ups": "0", "train_wpb": "12076.801", "train_bsz": "490.028", "train_num_updates": "3562", "train_lr": "0.00044525", "train_gnorm": "0.005", "train_clip": "0.000", "train_oom": "0.000", "train_wall": "49686", "train_train_wall": "53711"}
2020-12-14 12:24:05 | INFO | fairseq_cli.train | | done training in 49892.6 seconds
{"epoch": 60, "valid_loss": "0.003", "valid_sim_loss": "1.8383e-06", "valid_nll_loss": "0.024", "valid_ppl": "1.02", "valid_num_updates": "3562", "valid_best_loss": "0.00345896"}
2020-12-14 12:24:05 | INFO | fairseq_cli.train | | done training in 49892.7 seconds
2020-12-14 12:24:05 | INFO | fairseq_cli.train | | done training in 49892.5 seconds
| saved checkpoint /ceph_int/solarawang/1211_net_sim/1213_50_20_512_8_4gpu_checkpoints/checkpoint60.pt (epoch 60 @ 3562 updates) (writing took 5.278095722198486 seconds)
2020-12-14 12:24:10 | INFO | fairseq_cli.train | | done training in 49898.0 seconds
